Started GET "/" for ::1 at 2023-06-21 23:15:37 -0300
Processing by Rails::WelcomeController#index as HTML
  Rendering /usr/share/rvm/gems/ruby-3.0.0/gems/railties-7.0.5/lib/rails/templates/rails/welcome/index.html.erb
  Rendered /usr/share/rvm/gems/ruby-3.0.0/gems/railties-7.0.5/lib/rails/templates/rails/welcome/index.html.erb (Duration: 2.5ms | Allocations: 831)
Completed 200 OK in 35ms (Views: 11.7ms | ActiveRecord: 0.0ms | Allocations: 9928)


Started GET "/sw.js" for ::1 at 2023-06-21 23:15:40 -0300
  
ActionController::RoutingError (No route matches [GET] "/sw.js"):
  
  [1m[35m (13.1ms)[0m  [1m[35mCREATE TABLE "schema_migrations" ("version" varchar NOT NULL PRIMARY KEY)[0m
  [1m[35m (3.8ms)[0m  [1m[35mCREATE TABLE "ar_internal_metadata" ("key" varchar NOT NULL PRIMARY KEY, "value" varchar, "created_at" datetime(6) NOT NULL, "updated_at" datetime(6) NOT NULL)[0m
  [1m[36mActiveRecord::SchemaMigration Pluck (0.2ms)[0m  [1m[34mSELECT "schema_migrations"."version" FROM "schema_migrations" ORDER BY "schema_migrations"."version" ASC[0m
Migrating to CreatePlayers (20230622031949)
  [1m[36mTRANSACTION (0.1ms)[0m  [1m[36mbegin transaction[0m
  [1m[35m (0.3ms)[0m  [1m[35mCREATE TABLE "players" ("id" integer PRIMARY KEY AUTOINCREMENT NOT NULL, "name" varchar, "age" integer, "career_time" integer, "team_id" integer NOT NULL, "created_at" datetime(6) NOT NULL, "updated_at" datetime(6) NOT NULL, CONSTRAINT "fk_rails_8880a915a5"
FOREIGN KEY ("team_id")
  REFERENCES "teams" ("id")
)[0m
  [1m[35m (0.2ms)[0m  [1m[35mCREATE INDEX "index_players_on_team_id" ON "players" ("team_id")[0m
  [1m[36mActiveRecord::SchemaMigration Create (0.2ms)[0m  [1m[32mINSERT INTO "schema_migrations" ("version") VALUES (?)[0m  [["version", "20230622031949"]]
  [1m[36mTRANSACTION (4.1ms)[0m  [1m[36mcommit transaction[0m
Migrating to CreateTeams (20230622032159)
  [1m[36mTRANSACTION (0.1ms)[0m  [1m[36mbegin transaction[0m
  [1m[35m (1.1ms)[0m  [1m[35mCREATE TABLE "teams" ("id" integer PRIMARY KEY AUTOINCREMENT NOT NULL, "name" varchar, "num_titles" integer, "created_at" datetime(6) NOT NULL, "updated_at" datetime(6) NOT NULL)[0m
  [1m[36mActiveRecord::SchemaMigration Create (0.4ms)[0m  [1m[32mINSERT INTO "schema_migrations" ("version") VALUES (?)[0m  [["version", "20230622032159"]]
  [1m[36mTRANSACTION (4.8ms)[0m  [1m[36mcommit transaction[0m
Migrating to CreateDocuments (20230622032446)
  [1m[36mTRANSACTION (0.1ms)[0m  [1m[36mbegin transaction[0m
  [1m[35m (0.2ms)[0m  [1m[35mCREATE TABLE "documents" ("id" integer PRIMARY KEY AUTOINCREMENT NOT NULL, "number" integer, "emission" varchar, "player_id" integer NOT NULL, "created_at" datetime(6) NOT NULL, "updated_at" datetime(6) NOT NULL, CONSTRAINT "fk_rails_2483ffa2c3"
FOREIGN KEY ("player_id")
  REFERENCES "players" ("id")
)[0m
  [1m[35m (0.1ms)[0m  [1m[35mCREATE INDEX "index_documents_on_player_id" ON "documents" ("player_id")[0m
  [1m[36mActiveRecord::SchemaMigration Create (0.7ms)[0m  [1m[32mINSERT INTO "schema_migrations" ("version") VALUES (?)[0m  [["version", "20230622032446"]]
  [1m[36mTRANSACTION (10.1ms)[0m  [1m[36mcommit transaction[0m
Migrating to CreateTournaments (20230622032745)
  [1m[36mTRANSACTION (0.2ms)[0m  [1m[36mbegin transaction[0m
  [1m[35m (0.5ms)[0m  [1m[35mCREATE TABLE "tournaments" ("id" integer PRIMARY KEY AUTOINCREMENT NOT NULL, "name" varchar, "country" varchar, "foundation_year" integer, "created_at" datetime(6) NOT NULL, "updated_at" datetime(6) NOT NULL)[0m
  [1m[36mActiveRecord::SchemaMigration Create (1.0ms)[0m  [1m[32mINSERT INTO "schema_migrations" ("version") VALUES (?)[0m  [["version", "20230622032745"]]
  [1m[36mTRANSACTION (5.2ms)[0m  [1m[36mcommit transaction[0m
Migrating to CreateJoinTablePlayerTournament (20230622033043)
  [1m[36mTRANSACTION (0.1ms)[0m  [1m[36mbegin transaction[0m
  [1m[35m (1.5ms)[0m  [1m[35mCREATE TABLE "players_tournaments" ("player_id" integer NOT NULL, "tournament_id" integer NOT NULL)[0m
  [1m[36mActiveRecord::SchemaMigration Create (0.8ms)[0m  [1m[32mINSERT INTO "schema_migrations" ("version") VALUES (?)[0m  [["version", "20230622033043"]]
  [1m[36mTRANSACTION (5.2ms)[0m  [1m[36mcommit transaction[0m
  [1m[36mActiveRecord::InternalMetadata Load (0.3ms)[0m  [1m[34mSELECT "ar_internal_metadata".* FROM "ar_internal_metadata" WHERE "ar_internal_metadata"."key" = ? LIMIT ?[0m  [["key", "environment"], ["LIMIT", 1]]
  [1m[36mTRANSACTION (0.1ms)[0m  [1m[36mbegin transaction[0m
  [1m[36mActiveRecord::InternalMetadata Create (0.2ms)[0m  [1m[32mINSERT INTO "ar_internal_metadata" ("key", "value", "created_at", "updated_at") VALUES (?, ?, ?, ?)[0m  [["key", "environment"], ["value", "development"], ["created_at", "2023-06-22 03:34:53.240010"], ["updated_at", "2023-06-22 03:34:53.240010"]]
  [1m[36mTRANSACTION (4.0ms)[0m  [1m[36mcommit transaction[0m
  [1m[36mActiveRecord::SchemaMigration Pluck (0.1ms)[0m  [1m[34mSELECT "schema_migrations"."version" FROM "schema_migrations" ORDER BY "schema_migrations"."version" ASC[0m
Started GET "/" for ::1 at 2023-06-22 00:35:24 -0300
  [1m[36mActiveRecord::SchemaMigration Pluck (0.1ms)[0m  [1m[34mSELECT "schema_migrations"."version" FROM "schema_migrations" ORDER BY "schema_migrations"."version" ASC[0m
Processing by Rails::WelcomeController#index as HTML
  Rendering /usr/share/rvm/gems/ruby-3.0.0/gems/railties-7.0.5/lib/rails/templates/rails/welcome/index.html.erb
  Rendered /usr/share/rvm/gems/ruby-3.0.0/gems/railties-7.0.5/lib/rails/templates/rails/welcome/index.html.erb (Duration: 3.6ms | Allocations: 727)
Completed 200 OK in 17ms (Views: 9.7ms | ActiveRecord: 0.0ms | Allocations: 7074)


Started GET "/sw.js" for ::1 at 2023-06-22 00:35:26 -0300
  
ActionController::RoutingError (No route matches [GET] "/sw.js"):
  
Started GET "/players" for ::1 at 2023-06-22 00:35:29 -0300
Processing by PlayersController#index as HTML
  Rendering layout layouts/application.html.erb
  Rendering players/index.html.erb within layouts/application
  [1m[36mPlayer Load (0.1ms)[0m  [1m[34mSELECT "players".* FROM "players"[0m
  ↳ app/views/players/index.html.erb:6
  Rendered players/index.html.erb within layouts/application (Duration: 2.3ms | Allocations: 1060)
  Rendered layout layouts/application.html.erb (Duration: 300.2ms | Allocations: 98635)
Completed 200 OK in 324ms (Views: 301.4ms | ActiveRecord: 0.1ms | Allocations: 113574)


Started GET "/sw.js" for ::1 at 2023-06-22 00:35:31 -0300
  
ActionController::RoutingError (No route matches [GET] "/sw.js"):
  
Started GET "/teams" for ::1 at 2023-06-22 00:35:36 -0300
Processing by TeamsController#index as HTML
  Rendering layout layouts/application.html.erb
  Rendering teams/index.html.erb within layouts/application
  [1m[36mTeam Load (0.6ms)[0m  [1m[34mSELECT "teams".* FROM "teams"[0m
  ↳ app/views/teams/index.html.erb:6
  Rendered teams/index.html.erb within layouts/application (Duration: 8.1ms | Allocations: 1050)
  Rendered layout layouts/application.html.erb (Duration: 12.3ms | Allocations: 3337)
Completed 200 OK in 18ms (Views: 13.8ms | ActiveRecord: 0.6ms | Allocations: 5792)


Started GET "/sw.js" for ::1 at 2023-06-22 00:35:37 -0300
  
ActionController::RoutingError (No route matches [GET] "/sw.js"):
  
Started GET "/tournaments" for ::1 at 2023-06-22 00:35:42 -0300
Processing by TournamentsController#index as HTML
  Rendering layout layouts/application.html.erb
  Rendering tournaments/index.html.erb within layouts/application
  [1m[36mTournament Load (0.2ms)[0m  [1m[34mSELECT "tournaments".* FROM "tournaments"[0m
  ↳ app/views/tournaments/index.html.erb:6
  Rendered tournaments/index.html.erb within layouts/application (Duration: 2.9ms | Allocations: 1062)
  Rendered layout layouts/application.html.erb (Duration: 10.4ms | Allocations: 3349)
Completed 200 OK in 28ms (Views: 11.8ms | ActiveRecord: 0.2ms | Allocations: 12779)


Started GET "/sw.js" for ::1 at 2023-06-22 00:35:44 -0300
  
ActionController::RoutingError (No route matches [GET] "/sw.js"):
  
Started GET "/documents" for ::1 at 2023-06-22 00:35:46 -0300
Processing by DocumentsController#index as HTML
  Rendering layout layouts/application.html.erb
  Rendering documents/index.html.erb within layouts/application
  [1m[36mDocument Load (0.2ms)[0m  [1m[34mSELECT "documents".* FROM "documents"[0m
  ↳ app/views/documents/index.html.erb:6
  Rendered documents/index.html.erb within layouts/application (Duration: 2.9ms | Allocations: 1062)
  Rendered layout layouts/application.html.erb (Duration: 14.2ms | Allocations: 3349)
Completed 200 OK in 19ms (Views: 15.7ms | ActiveRecord: 0.2ms | Allocations: 5843)


Started GET "/sw.js" for ::1 at 2023-06-22 00:35:48 -0300
  
ActionController::RoutingError (No route matches [GET] "/sw.js"):
  
Started GET "/players" for ::1 at 2023-06-22 00:35:49 -0300
Processing by PlayersController#index as HTML
  Rendering layout layouts/application.html.erb
  Rendering players/index.html.erb within layouts/application
  [1m[36mPlayer Load (0.1ms)[0m  [1m[34mSELECT "players".* FROM "players"[0m
  ↳ app/views/players/index.html.erb:6
  Rendered players/index.html.erb within layouts/application (Duration: 1.8ms | Allocations: 712)
  Rendered layout layouts/application.html.erb (Duration: 5.2ms | Allocations: 2923)
Completed 200 OK in 7ms (Views: 6.1ms | ActiveRecord: 0.1ms | Allocations: 3256)


Started GET "/sw.js" for ::1 at 2023-06-22 00:35:51 -0300
  
ActionController::RoutingError (No route matches [GET] "/sw.js"):
  
Started GET "/" for ::1 at 2023-06-22 00:35:52 -0300
Processing by Rails::WelcomeController#index as HTML
  Rendering /usr/share/rvm/gems/ruby-3.0.0/gems/railties-7.0.5/lib/rails/templates/rails/welcome/index.html.erb
  Rendered /usr/share/rvm/gems/ruby-3.0.0/gems/railties-7.0.5/lib/rails/templates/rails/welcome/index.html.erb (Duration: 3.5ms | Allocations: 450)
Completed 200 OK in 7ms (Views: 6.1ms | ActiveRecord: 0.0ms | Allocations: 1290)


Started GET "/sw.js" for ::1 at 2023-06-22 00:35:54 -0300
  
ActionController::RoutingError (No route matches [GET] "/sw.js"):
  
Started GET "/" for ::1 at 2023-06-22 00:36:48 -0300
  [1m[36mActiveRecord::SchemaMigration Pluck (0.1ms)[0m  [1m[34mSELECT "schema_migrations"."version" FROM "schema_migrations" ORDER BY "schema_migrations"."version" ASC[0m
Processing by PlayersController#index as HTML
  Rendering layout layouts/application.html.erb
  Rendering players/index.html.erb within layouts/application
  [1m[36mPlayer Load (0.1ms)[0m  [1m[34mSELECT "players".* FROM "players"[0m
  ↳ app/views/players/index.html.erb:6
  Rendered players/index.html.erb within layouts/application (Duration: 4.6ms | Allocations: 1552)
  Rendered layout layouts/application.html.erb (Duration: 74.8ms | Allocations: 36184)
Completed 200 OK in 92ms (Views: 76.8ms | ActiveRecord: 0.1ms | Allocations: 55624)


Started GET "/sw.js" for ::1 at 2023-06-22 00:36:50 -0300
  
ActionController::RoutingError (No route matches [GET] "/sw.js"):
  
